[07-Nov-2025 04:27:21 Asia/Taipei] PHP Fatal error:  Cannot declare class App\UserRepo, because the name is already in use in /share/CACHEDEV1_DATA/Web/kms-php/src/UserRepo.php on line 5
[07-Nov-2025 04:29:15 Asia/Taipei] PHP Fatal error:  Cannot declare class App\UserRepo, because the name is already in use in /share/CACHEDEV1_DATA/Web/kms-php/src/UserRepo.php on line 5
[07-Nov-2025 04:29:21 Asia/Taipei] PHP Fatal error:  Cannot declare class App\UserRepo, because the name is already in use in /share/CACHEDEV1_DATA/Web/kms-php/src/UserRepo.php on line 5
[07-Nov-2025 04:29:37 Asia/Taipei] PHP Fatal error:  Cannot declare class App\UserRepo, because the name is already in use in /share/CACHEDEV1_DATA/Web/kms-php/src/UserRepo.php on line 5
[07-Nov-2025 04:35:52 Asia/Taipei] PHP Fatal error:  Cannot declare class App\UserRepo, because the name is already in use in /share/CACHEDEV1_DATA/Web/kms-php/src/UserRepo.php on line 5
[07-Nov-2025 04:35:52 Asia/Taipei] PHP Fatal error:  Cannot declare class App\UserRepo, because the name is already in use in /share/CACHEDEV1_DATA/Web/kms-php/src/UserRepo.php on line 5
[07-Nov-2025 04:35:52 Asia/Taipei] PHP Fatal error:  Cannot declare class App\UserRepo, because the name is already in use in /share/CACHEDEV1_DATA/Web/kms-php/src/UserRepo.php on line 5
[07-Nov-2025 04:35:52 Asia/Taipei] PHP Fatal error:  Cannot declare class App\UserRepo, because the name is already in use in /share/CACHEDEV1_DATA/Web/kms-php/src/UserRepo.php on line 5
[07-Nov-2025 04:35:53 Asia/Taipei] PHP Fatal error:  Cannot declare class App\UserRepo, because the name is already in use in /share/CACHEDEV1_DATA/Web/kms-php/src/UserRepo.php on line 5
[07-Nov-2025 14:07:44 Asia/Taipei] PHP Fatal error:  Cannot declare class App\UserRepo, because the name is already in use in /share/CACHEDEV1_DATA/Web/kms-php/src/UserRepo.php on line 5
[07-Nov-2025 14:52:32 Asia/Taipei] PHP Fatal error:  Uncaught PDOException: SQLSTATE[42S22]: Column not found: 1054 Unknown column 'c.maintenance_interval_days' in 'field list' in /share/CACHEDEV1_DATA/Web/kms-php/src/CustomerRepo.php:22
Stack trace:
#0 /share/CACHEDEV1_DATA/Web/kms-php/src/CustomerRepo.php(22): PDO->query('\r\n      SELECT ...')
#1 /share/CACHEDEV1_DATA/Web/kms-php/public/index.php(98): App\CustomerRepo::listWithStats()
#2 {main}
  thrown in /share/CACHEDEV1_DATA/Web/kms-php/src/CustomerRepo.php on line 22
[07-Nov-2025 14:52:35 Asia/Taipei] PHP Fatal error:  Uncaught PDOException: SQLSTATE[42S22]: Column not found: 1054 Unknown column 'c.maintenance_interval_days' in 'field list' in /share/CACHEDEV1_DATA/Web/kms-php/src/CustomerRepo.php:22
Stack trace:
#0 /share/CACHEDEV1_DATA/Web/kms-php/src/CustomerRepo.php(22): PDO->query('\r\n      SELECT ...')
#1 /share/CACHEDEV1_DATA/Web/kms-php/public/index.php(98): App\CustomerRepo::listWithStats()
#2 {main}
  thrown in /share/CACHEDEV1_DATA/Web/kms-php/src/CustomerRepo.php on line 22
[07-Nov-2025 14:58:29 Asia/Taipei] PHP Parse error:  syntax error, unexpected token "public" in /share/CACHEDEV1_DATA/Web/kms-php/src/CustomerRepo.php on line 50
[07-Nov-2025 14:58:30 Asia/Taipei] PHP Parse error:  syntax error, unexpected token "public" in /share/CACHEDEV1_DATA/Web/kms-php/src/CustomerRepo.php on line 50
[07-Nov-2025 14:58:30 Asia/Taipei] PHP Parse error:  syntax error, unexpected token "public" in /share/CACHEDEV1_DATA/Web/kms-php/src/CustomerRepo.php on line 50
[07-Nov-2025 14:58:30 Asia/Taipei] PHP Parse error:  syntax error, unexpected token "public" in /share/CACHEDEV1_DATA/Web/kms-php/src/CustomerRepo.php on line 50
[07-Nov-2025 14:58:30 Asia/Taipei] PHP Parse error:  syntax error, unexpected token "public" in /share/CACHEDEV1_DATA/Web/kms-php/src/CustomerRepo.php on line 50
[07-Nov-2025 14:58:32 Asia/Taipei] PHP Parse error:  syntax error, unexpected token "public" in /share/CACHEDEV1_DATA/Web/kms-php/src/CustomerRepo.php on line 50
[07-Nov-2025 15:04:44 Asia/Taipei] PHP Parse error:  syntax error, unexpected token "public" in /share/CACHEDEV1_DATA/Web/kms-php/src/CustomerRepo.php on line 50
[07-Nov-2025 15:04:44 Asia/Taipei] PHP Parse error:  syntax error, unexpected token "public" in /share/CACHEDEV1_DATA/Web/kms-php/src/CustomerRepo.php on line 50
[07-Nov-2025 15:04:44 Asia/Taipei] PHP Parse error:  syntax error, unexpected token "public" in /share/CACHEDEV1_DATA/Web/kms-php/src/CustomerRepo.php on line 50
[07-Nov-2025 15:04:44 Asia/Taipei] PHP Parse error:  syntax error, unexpected token "public" in /share/CACHEDEV1_DATA/Web/kms-php/src/CustomerRepo.php on line 50
[07-Nov-2025 15:04:45 Asia/Taipei] PHP Parse error:  syntax error, unexpected token "public" in /share/CACHEDEV1_DATA/Web/kms-php/src/CustomerRepo.php on line 50
[07-Nov-2025 15:04:45 Asia/Taipei] PHP Parse error:  syntax error, unexpected token "public" in /share/CACHEDEV1_DATA/Web/kms-php/src/CustomerRepo.php on line 50
[07-Nov-2025 15:04:45 Asia/Taipei] PHP Parse error:  syntax error, unexpected token "public" in /share/CACHEDEV1_DATA/Web/kms-php/src/CustomerRepo.php on line 50
[07-Nov-2025 15:04:49 Asia/Taipei] PHP Parse error:  syntax error, unexpected token "public" in /share/CACHEDEV1_DATA/Web/kms-php/src/CustomerRepo.php on line 50
[07-Nov-2025 15:04:50 Asia/Taipei] PHP Parse error:  syntax error, unexpected token "public" in /share/CACHEDEV1_DATA/Web/kms-php/src/CustomerRepo.php on line 50
[07-Nov-2025 15:04:50 Asia/Taipei] PHP Parse error:  syntax error, unexpected token "public" in /share/CACHEDEV1_DATA/Web/kms-php/src/CustomerRepo.php on line 50
[07-Nov-2025 15:04:50 Asia/Taipei] PHP Parse error:  syntax error, unexpected token "public" in /share/CACHEDEV1_DATA/Web/kms-php/src/CustomerRepo.php on line 50
[07-Nov-2025 15:04:50 Asia/Taipei] PHP Parse error:  syntax error, unexpected token "public" in /share/CACHEDEV1_DATA/Web/kms-php/src/CustomerRepo.php on line 50
[07-Nov-2025 15:04:51 Asia/Taipei] PHP Parse error:  syntax error, unexpected token "public" in /share/CACHEDEV1_DATA/Web/kms-php/src/CustomerRepo.php on line 50
[07-Nov-2025 15:06:20 Asia/Taipei] PHP Parse error:  syntax error, unexpected token "public" in /share/CACHEDEV1_DATA/Web/kms-php/src/CustomerRepo.php on line 50
[07-Nov-2025 15:06:21 Asia/Taipei] PHP Parse error:  syntax error, unexpected token "public" in /share/CACHEDEV1_DATA/Web/kms-php/src/CustomerRepo.php on line 50
[07-Nov-2025 15:06:21 Asia/Taipei] PHP Parse error:  syntax error, unexpected token "public" in /share/CACHEDEV1_DATA/Web/kms-php/src/CustomerRepo.php on line 50
[07-Nov-2025 15:06:21 Asia/Taipei] PHP Parse error:  syntax error, unexpected token "public" in /share/CACHEDEV1_DATA/Web/kms-php/src/CustomerRepo.php on line 50
[07-Nov-2025 15:45:57 Asia/Taipei] PHP Parse error:  syntax error, unexpected token "public", expecting end of file in /share/CACHEDEV1_DATA/Web/kms-php/src/CustomerRepo.php on line 172
[07-Nov-2025 15:45:58 Asia/Taipei] PHP Parse error:  syntax error, unexpected token "public", expecting end of file in /share/CACHEDEV1_DATA/Web/kms-php/src/CustomerRepo.php on line 172
[07-Nov-2025 15:45:58 Asia/Taipei] PHP Parse error:  syntax error, unexpected token "public", expecting end of file in /share/CACHEDEV1_DATA/Web/kms-php/src/CustomerRepo.php on line 172
[07-Nov-2025 15:45:58 Asia/Taipei] PHP Parse error:  syntax error, unexpected token "public", expecting end of file in /share/CACHEDEV1_DATA/Web/kms-php/src/CustomerRepo.php on line 172
[07-Nov-2025 15:45:58 Asia/Taipei] PHP Parse error:  syntax error, unexpected token "public", expecting end of file in /share/CACHEDEV1_DATA/Web/kms-php/src/CustomerRepo.php on line 172
[07-Nov-2025 15:45:58 Asia/Taipei] PHP Parse error:  syntax error, unexpected token "public", expecting end of file in /share/CACHEDEV1_DATA/Web/kms-php/src/CustomerRepo.php on line 172
[07-Nov-2025 15:45:58 Asia/Taipei] PHP Parse error:  syntax error, unexpected token "public", expecting end of file in /share/CACHEDEV1_DATA/Web/kms-php/src/CustomerRepo.php on line 172
[07-Nov-2025 15:45:59 Asia/Taipei] PHP Parse error:  syntax error, unexpected token "public", expecting end of file in /share/CACHEDEV1_DATA/Web/kms-php/src/CustomerRepo.php on line 172
[07-Nov-2025 15:46:00 Asia/Taipei] PHP Parse error:  syntax error, unexpected token "public", expecting end of file in /share/CACHEDEV1_DATA/Web/kms-php/src/CustomerRepo.php on line 172
[07-Nov-2025 15:46:02 Asia/Taipei] PHP Parse error:  syntax error, unexpected token "public", expecting end of file in /share/CACHEDEV1_DATA/Web/kms-php/src/CustomerRepo.php on line 172
[07-Nov-2025 15:52:40 Asia/Taipei] PHP Parse error:  syntax error, unexpected token "public", expecting end of file in /share/CACHEDEV1_DATA/Web/kms-php/src/CustomerRepo.php on line 172
[07-Nov-2025 16:11:54 Asia/Taipei] PHP Warning:  Undefined variable $c in /share/CACHEDEV1_DATA/Web/kms-php/views/customers_list.php on line 12
[07-Nov-2025 16:11:54 Asia/Taipei] PHP Warning:  Trying to access array offset on value of type null in /share/CACHEDEV1_DATA/Web/kms-php/views/customers_list.php on line 12
[07-Nov-2025 16:32:47 Asia/Taipei] PHP Warning:  Undefined variable $c in /share/CACHEDEV1_DATA/Web/kms-php/views/customers_list.php on line 12
[07-Nov-2025 16:32:47 Asia/Taipei] PHP Warning:  Trying to access array offset on value of type null in /share/CACHEDEV1_DATA/Web/kms-php/views/customers_list.php on line 12
[07-Nov-2025 16:38:05 Asia/Taipei] PHP Warning:  Undefined variable $c in /share/CACHEDEV1_DATA/Web/kms-php/views/customers_list.php on line 12
[07-Nov-2025 16:38:05 Asia/Taipei] PHP Warning:  Trying to access array offset on value of type null in /share/CACHEDEV1_DATA/Web/kms-php/views/customers_list.php on line 12
[07-Nov-2025 17:24:22 Asia/Taipei] PHP Warning:  Undefined variable $c in /share/CACHEDEV1_DATA/Web/kms-php/views/customers_list.php on line 12
[07-Nov-2025 17:24:22 Asia/Taipei] PHP Warning:  Trying to access array offset on value of type null in /share/CACHEDEV1_DATA/Web/kms-php/views/customers_list.php on line 12
[07-Nov-2025 17:25:13 Asia/Taipei] PHP Warning:  Undefined variable $c in /share/CACHEDEV1_DATA/Web/kms-php/views/customers_list.php on line 12
[07-Nov-2025 17:25:13 Asia/Taipei] PHP Warning:  Trying to access array offset on value of type null in /share/CACHEDEV1_DATA/Web/kms-php/views/customers_list.php on line 12
[07-Nov-2025 17:33:39 Asia/Taipei] PHP Warning:  Undefined variable $c in /share/CACHEDEV1_DATA/Web/kms-php/views/customers_list.php on line 12
[07-Nov-2025 17:33:39 Asia/Taipei] PHP Warning:  Trying to access array offset on value of type null in /share/CACHEDEV1_DATA/Web/kms-php/views/customers_list.php on line 12
[07-Nov-2025 17:33:42 Asia/Taipei] PHP Warning:  Undefined variable $c in /share/CACHEDEV1_DATA/Web/kms-php/views/customers_list.php on line 12
[07-Nov-2025 17:33:42 Asia/Taipei] PHP Warning:  Trying to access array offset on value of type null in /share/CACHEDEV1_DATA/Web/kms-php/views/customers_list.php on line 12
[07-Nov-2025 17:34:10 Asia/Taipei] PHP Warning:  Undefined variable $c in /share/CACHEDEV1_DATA/Web/kms-php/views/customers_list.php on line 12
[07-Nov-2025 17:34:10 Asia/Taipei] PHP Warning:  Trying to access array offset on value of type null in /share/CACHEDEV1_DATA/Web/kms-php/views/customers_list.php on line 12
[07-Nov-2025 17:34:25 Asia/Taipei] PHP Warning:  Undefined variable $c in /share/CACHEDEV1_DATA/Web/kms-php/views/customers_list.php on line 12
[07-Nov-2025 17:34:25 Asia/Taipei] PHP Warning:  Trying to access array offset on value of type null in /share/CACHEDEV1_DATA/Web/kms-php/views/customers_list.php on line 12
[07-Nov-2025 17:34:44 Asia/Taipei] PHP Warning:  Undefined variable $c in /share/CACHEDEV1_DATA/Web/kms-php/views/customers_list.php on line 12
[07-Nov-2025 17:34:44 Asia/Taipei] PHP Warning:  Trying to access array offset on value of type null in /share/CACHEDEV1_DATA/Web/kms-php/views/customers_list.php on line 12
[07-Nov-2025 20:01:42 Asia/Taipei] PHP Parse error:  syntax error, unexpected variable "$customerId", expecting "function" or "const" in /share/CACHEDEV1_DATA/Web/kms-php/src/CustomerRepo.php on line 104
[07-Nov-2025 20:01:43 Asia/Taipei] PHP Parse error:  syntax error, unexpected variable "$customerId", expecting "function" or "const" in /share/CACHEDEV1_DATA/Web/kms-php/src/CustomerRepo.php on line 104
[07-Nov-2025 20:01:43 Asia/Taipei] PHP Parse error:  syntax error, unexpected variable "$customerId", expecting "function" or "const" in /share/CACHEDEV1_DATA/Web/kms-php/src/CustomerRepo.php on line 104
[07-Nov-2025 20:01:43 Asia/Taipei] PHP Parse error:  syntax error, unexpected variable "$customerId", expecting "function" or "const" in /share/CACHEDEV1_DATA/Web/kms-php/src/CustomerRepo.php on line 104
[07-Nov-2025 20:01:43 Asia/Taipei] PHP Parse error:  syntax error, unexpected variable "$customerId", expecting "function" or "const" in /share/CACHEDEV1_DATA/Web/kms-php/src/CustomerRepo.php on line 104
[07-Nov-2025 20:01:59 Asia/Taipei] PHP Parse error:  syntax error, unexpected variable "$skipContacts", expecting "function" or "const" in /share/CACHEDEV1_DATA/Web/kms-php/src/CustomerRepo.php on line 107
[07-Nov-2025 20:02:00 Asia/Taipei] PHP Parse error:  syntax error, unexpected variable "$skipContacts", expecting "function" or "const" in /share/CACHEDEV1_DATA/Web/kms-php/src/CustomerRepo.php on line 107
[07-Nov-2025 20:02:00 Asia/Taipei] PHP Parse error:  syntax error, unexpected variable "$skipContacts", expecting "function" or "const" in /share/CACHEDEV1_DATA/Web/kms-php/src/CustomerRepo.php on line 107
[07-Nov-2025 20:02:00 Asia/Taipei] PHP Parse error:  syntax error, unexpected variable "$skipContacts", expecting "function" or "const" in /share/CACHEDEV1_DATA/Web/kms-php/src/CustomerRepo.php on line 107
[07-Nov-2025 20:02:00 Asia/Taipei] PHP Parse error:  syntax error, unexpected variable "$skipContacts", expecting "function" or "const" in /share/CACHEDEV1_DATA/Web/kms-php/src/CustomerRepo.php on line 107
[07-Nov-2025 20:02:00 Asia/Taipei] PHP Parse error:  syntax error, unexpected variable "$skipContacts", expecting "function" or "const" in /share/CACHEDEV1_DATA/Web/kms-php/src/CustomerRepo.php on line 107
[07-Nov-2025 20:02:01 Asia/Taipei] PHP Parse error:  syntax error, unexpected variable "$skipContacts", expecting "function" or "const" in /share/CACHEDEV1_DATA/Web/kms-php/src/CustomerRepo.php on line 107
[07-Nov-2025 20:02:27 Asia/Taipei] PHP Parse error:  syntax error, unexpected token "if", expecting "function" or "const" in /share/CACHEDEV1_DATA/Web/kms-php/src/CustomerRepo.php on line 109
[07-Nov-2025 20:02:27 Asia/Taipei] PHP Parse error:  syntax error, unexpected token "if", expecting "function" or "const" in /share/CACHEDEV1_DATA/Web/kms-php/src/CustomerRepo.php on line 109
[07-Nov-2025 20:02:28 Asia/Taipei] PHP Parse error:  syntax error, unexpected token "if", expecting "function" or "const" in /share/CACHEDEV1_DATA/Web/kms-php/src/CustomerRepo.php on line 109
[07-Nov-2025 20:02:28 Asia/Taipei] PHP Parse error:  syntax error, unexpected token "if", expecting "function" or "const" in /share/CACHEDEV1_DATA/Web/kms-php/src/CustomerRepo.php on line 109
[07-Nov-2025 20:02:30 Asia/Taipei] PHP Parse error:  syntax error, unexpected token "if", expecting "function" or "const" in /share/CACHEDEV1_DATA/Web/kms-php/src/CustomerRepo.php on line 109
[07-Nov-2025 20:02:31 Asia/Taipei] PHP Parse error:  syntax error, unexpected token "if", expecting "function" or "const" in /share/CACHEDEV1_DATA/Web/kms-php/src/CustomerRepo.php on line 109
[07-Nov-2025 20:02:32 Asia/Taipei] PHP Parse error:  syntax error, unexpected token "if", expecting "function" or "const" in /share/CACHEDEV1_DATA/Web/kms-php/src/CustomerRepo.php on line 109
[07-Nov-2025 20:02:46 Asia/Taipei] PHP Parse error:  syntax error, unexpected variable "$customerId", expecting "function" or "const" in /share/CACHEDEV1_DATA/Web/kms-php/src/CustomerRepo.php on line 104
[07-Nov-2025 20:02:46 Asia/Taipei] PHP Parse error:  syntax error, unexpected variable "$customerId", expecting "function" or "const" in /share/CACHEDEV1_DATA/Web/kms-php/src/CustomerRepo.php on line 104
[07-Nov-2025 20:02:47 Asia/Taipei] PHP Parse error:  syntax error, unexpected variable "$customerId", expecting "function" or "const" in /share/CACHEDEV1_DATA/Web/kms-php/src/CustomerRepo.php on line 104
[07-Nov-2025 20:02:47 Asia/Taipei] PHP Parse error:  syntax error, unexpected variable "$customerId", expecting "function" or "const" in /share/CACHEDEV1_DATA/Web/kms-php/src/CustomerRepo.php on line 104
[07-Nov-2025 20:02:47 Asia/Taipei] PHP Parse error:  syntax error, unexpected variable "$customerId", expecting "function" or "const" in /share/CACHEDEV1_DATA/Web/kms-php/src/CustomerRepo.php on line 104
[07-Nov-2025 20:02:47 Asia/Taipei] PHP Parse error:  syntax error, unexpected variable "$customerId", expecting "function" or "const" in /share/CACHEDEV1_DATA/Web/kms-php/src/CustomerRepo.php on line 104
[07-Nov-2025 20:02:47 Asia/Taipei] PHP Parse error:  syntax error, unexpected variable "$customerId", expecting "function" or "const" in /share/CACHEDEV1_DATA/Web/kms-php/src/CustomerRepo.php on line 104
[08-Nov-2025 03:52:33 Asia/Taipei] PHP Parse error:  syntax error, unexpected variable "$customerId", expecting "function" or "const" in /share/CACHEDEV1_DATA/Web/kms-php/src/CustomerRepo.php on line 104
[08-Nov-2025 03:52:35 Asia/Taipei] PHP Parse error:  syntax error, unexpected variable "$customerId", expecting "function" or "const" in /share/CACHEDEV1_DATA/Web/kms-php/src/CustomerRepo.php on line 104
[08-Nov-2025 03:53:50 Asia/Taipei] PHP Parse error:  syntax error, unexpected variable "$customerId", expecting "function" or "const" in /share/CACHEDEV1_DATA/Web/kms-php/src/CustomerRepo.php on line 104
[08-Nov-2025 03:53:52 Asia/Taipei] PHP Parse error:  syntax error, unexpected variable "$customerId", expecting "function" or "const" in /share/CACHEDEV1_DATA/Web/kms-php/src/CustomerRepo.php on line 104
[08-Nov-2025 03:54:24 Asia/Taipei] PHP Parse error:  syntax error, unexpected variable "$customerId", expecting "function" or "const" in /share/CACHEDEV1_DATA/Web/kms-php/src/CustomerRepo.php on line 104
[08-Nov-2025 03:54:26 Asia/Taipei] PHP Parse error:  syntax error, unexpected variable "$customerId", expecting "function" or "const" in /share/CACHEDEV1_DATA/Web/kms-php/src/CustomerRepo.php on line 104
[08-Nov-2025 03:54:27 Asia/Taipei] PHP Parse error:  syntax error, unexpected variable "$customerId", expecting "function" or "const" in /share/CACHEDEV1_DATA/Web/kms-php/src/CustomerRepo.php on line 104
[08-Nov-2025 04:13:17 Asia/Taipei] PHP Fatal error:  Uncaught Error: Class "App\TaskRepo" not found in /share/CACHEDEV1_DATA/Web/kms-php/public/index.php:73
Stack trace:
#0 {main}
  thrown in /share/CACHEDEV1_DATA/Web/kms-php/public/index.php on line 73
[08-Nov-2025 04:13:18 Asia/Taipei] PHP Fatal error:  Uncaught Error: Class "App\TaskRepo" not found in /share/CACHEDEV1_DATA/Web/kms-php/public/index.php:73
Stack trace:
#0 {main}
  thrown in /share/CACHEDEV1_DATA/Web/kms-php/public/index.php on line 73
[08-Nov-2025 04:13:18 Asia/Taipei] PHP Fatal error:  Uncaught Error: Class "App\TaskRepo" not found in /share/CACHEDEV1_DATA/Web/kms-php/public/index.php:73
Stack trace:
#0 {main}
  thrown in /share/CACHEDEV1_DATA/Web/kms-php/public/index.php on line 73
[08-Nov-2025 04:13:18 Asia/Taipei] PHP Fatal error:  Uncaught Error: Class "App\TaskRepo" not found in /share/CACHEDEV1_DATA/Web/kms-php/public/index.php:73
Stack trace:
#0 {main}
  thrown in /share/CACHEDEV1_DATA/Web/kms-php/public/index.php on line 73
[08-Nov-2025 04:13:18 Asia/Taipei] PHP Fatal error:  Uncaught Error: Class "App\TaskRepo" not found in /share/CACHEDEV1_DATA/Web/kms-php/public/index.php:73
Stack trace:
#0 {main}
  thrown in /share/CACHEDEV1_DATA/Web/kms-php/public/index.php on line 73
[08-Nov-2025 04:13:21 Asia/Taipei] PHP Fatal error:  Uncaught Error: Class "App\TaskRepo" not found in /share/CACHEDEV1_DATA/Web/kms-php/public/index.php:73
Stack trace:
#0 {main}
  thrown in /share/CACHEDEV1_DATA/Web/kms-php/public/index.php on line 73
[08-Nov-2025 04:13:47 Asia/Taipei] PHP Fatal error:  Uncaught Error: Class "App\TaskRepo" not found in /share/CACHEDEV1_DATA/Web/kms-php/public/index.php:73
Stack trace:
#0 {main}
  thrown in /share/CACHEDEV1_DATA/Web/kms-php/public/index.php on line 73
[08-Nov-2025 04:13:47 Asia/Taipei] PHP Fatal error:  Uncaught Error: Class "App\TaskRepo" not found in /share/CACHEDEV1_DATA/Web/kms-php/public/index.php:73
Stack trace:
#0 {main}
  thrown in /share/CACHEDEV1_DATA/Web/kms-php/public/index.php on line 73
[08-Nov-2025 04:13:47 Asia/Taipei] PHP Fatal error:  Uncaught Error: Class "App\TaskRepo" not found in /share/CACHEDEV1_DATA/Web/kms-php/public/index.php:73
Stack trace:
#0 {main}
  thrown in /share/CACHEDEV1_DATA/Web/kms-php/public/index.php on line 73
[08-Nov-2025 04:13:48 Asia/Taipei] PHP Fatal error:  Uncaught Error: Class "App\TaskRepo" not found in /share/CACHEDEV1_DATA/Web/kms-php/public/index.php:73
Stack trace:
#0 {main}
  thrown in /share/CACHEDEV1_DATA/Web/kms-php/public/index.php on line 73
[08-Nov-2025 04:15:29 Asia/Taipei] PHP Fatal error:  Uncaught Error: Class "App\TaskRepo" not found in /share/CACHEDEV1_DATA/Web/kms-php/public/index.php:73
Stack trace:
#0 {main}
  thrown in /share/CACHEDEV1_DATA/Web/kms-php/public/index.php on line 73
[08-Nov-2025 04:15:30 Asia/Taipei] PHP Fatal error:  Uncaught Error: Class "App\TaskRepo" not found in /share/CACHEDEV1_DATA/Web/kms-php/public/index.php:73
Stack trace:
#0 {main}
  thrown in /share/CACHEDEV1_DATA/Web/kms-php/public/index.php on line 73
[08-Nov-2025 04:15:30 Asia/Taipei] PHP Fatal error:  Uncaught Error: Class "App\TaskRepo" not found in /share/CACHEDEV1_DATA/Web/kms-php/public/index.php:73
Stack trace:
#0 {main}
  thrown in /share/CACHEDEV1_DATA/Web/kms-php/public/index.php on line 73
[08-Nov-2025 04:15:30 Asia/Taipei] PHP Fatal error:  Uncaught Error: Class "App\TaskRepo" not found in /share/CACHEDEV1_DATA/Web/kms-php/public/index.php:73
Stack trace:
#0 {main}
  thrown in /share/CACHEDEV1_DATA/Web/kms-php/public/index.php on line 73
[08-Nov-2025 04:15:30 Asia/Taipei] PHP Fatal error:  Uncaught Error: Class "App\TaskRepo" not found in /share/CACHEDEV1_DATA/Web/kms-php/public/index.php:73
Stack trace:
#0 {main}
  thrown in /share/CACHEDEV1_DATA/Web/kms-php/public/index.php on line 73
[08-Nov-2025 04:17:04 Asia/Taipei] PHP Fatal error:  Uncaught Error: Class "App\TaskRepo" not found in /share/CACHEDEV1_DATA/Web/kms-php/public/index.php:73
Stack trace:
#0 {main}
  thrown in /share/CACHEDEV1_DATA/Web/kms-php/public/index.php on line 73
[08-Nov-2025 04:18:01 Asia/Taipei] PHP Fatal error:  Uncaught Error: Class "App\TaskRepo" not found in /share/CACHEDEV1_DATA/Web/kms-php/public/index.php:73
Stack trace:
#0 {main}
  thrown in /share/CACHEDEV1_DATA/Web/kms-php/public/index.php on line 73
[08-Nov-2025 04:18:01 Asia/Taipei] PHP Fatal error:  Uncaught Error: Class "App\TaskRepo" not found in /share/CACHEDEV1_DATA/Web/kms-php/public/index.php:73
Stack trace:
#0 {main}
  thrown in /share/CACHEDEV1_DATA/Web/kms-php/public/index.php on line 73
[08-Nov-2025 04:18:02 Asia/Taipei] PHP Fatal error:  Uncaught Error: Class "App\TaskRepo" not found in /share/CACHEDEV1_DATA/Web/kms-php/public/index.php:73
Stack trace:
#0 {main}
  thrown in /share/CACHEDEV1_DATA/Web/kms-php/public/index.php on line 73
[08-Nov-2025 04:18:02 Asia/Taipei] PHP Fatal error:  Uncaught Error: Class "App\TaskRepo" not found in /share/CACHEDEV1_DATA/Web/kms-php/public/index.php:73
Stack trace:
#0 {main}
  thrown in /share/CACHEDEV1_DATA/Web/kms-php/public/index.php on line 73
[08-Nov-2025 04:18:02 Asia/Taipei] PHP Fatal error:  Uncaught Error: Class "App\TaskRepo" not found in /share/CACHEDEV1_DATA/Web/kms-php/public/index.php:73
Stack trace:
#0 {main}
  thrown in /share/CACHEDEV1_DATA/Web/kms-php/public/index.php on line 73
[08-Nov-2025 04:19:36 Asia/Taipei] KMS create(): VALUES COUNT=14
[08-Nov-2025 04:19:36 Asia/Taipei] KMS create() PDO: ["21S01",1136,"Column count doesn't match value count at row 1"]
[08-Nov-2025 04:37:23 Asia/Taipei] PHP Parse error:  syntax error, unexpected token "public", expecting end of file in /share/CACHEDEV1_DATA/Web/kms-php/src/UserRepo.php on line 45
[08-Nov-2025 04:37:25 Asia/Taipei] PHP Parse error:  syntax error, unexpected token "public", expecting end of file in /share/CACHEDEV1_DATA/Web/kms-php/src/UserRepo.php on line 45
[08-Nov-2025 04:37:26 Asia/Taipei] PHP Parse error:  syntax error, unexpected token "public", expecting end of file in /share/CACHEDEV1_DATA/Web/kms-php/src/UserRepo.php on line 45
[08-Nov-2025 05:12:28 Asia/Taipei] KMS create(): VALUES COUNT=14
[08-Nov-2025 05:12:28 Asia/Taipei] KMS create() PDO: ["21S01",1136,"Column count doesn't match value count at row 1"]
[08-Nov-2025 05:19:41 Asia/Taipei] KMS create(): COLS COUNT=14 VALUES COUNT=14
[08-Nov-2025 05:19:41 Asia/Taipei] KMS create(): SQL=INSERT INTO customers (name,street,zip,city,website,logo_url,maintenance_type,maintenance_time,maintenance_weekday,maintenance_week_of_month,maintenance_year_month,maintenance_year_day,responsible_technician_id,owner_user_id) VALUES (?,?,?,?,?,?,?,?,?,?,?,?,?,?)
[08-Nov-2025 05:19:41 Asia/Taipei] KMS create(): OK id=2
[08-Nov-2025 06:08:14 Asia/Taipei] PHP Parse error:  syntax error, unexpected token "case" in /share/CACHEDEV1_DATA/Web/kms-php/src/CustomerRepo.php on line 44
[08-Nov-2025 06:29:17 Asia/Taipei] PHP Fatal error:  Uncaught PDOException: SQLSTATE[HY093]: Invalid parameter number in /share/CACHEDEV1_DATA/Web/kms-php/src/CustomerRepo.php:51
Stack trace:
#0 /share/CACHEDEV1_DATA/Web/kms-php/src/CustomerRepo.php(51): PDOStatement->execute()
#1 /share/CACHEDEV1_DATA/Web/kms-php/public/index.php(168): App\CustomerRepo::listWithStats('ber', 'name_asc')
#2 {main}
  thrown in /share/CACHEDEV1_DATA/Web/kms-php/src/CustomerRepo.php on line 51
[08-Nov-2025 06:29:20 Asia/Taipei] PHP Fatal error:  Uncaught PDOException: SQLSTATE[HY093]: Invalid parameter number in /share/CACHEDEV1_DATA/Web/kms-php/src/CustomerRepo.php:51
Stack trace:
#0 /share/CACHEDEV1_DATA/Web/kms-php/src/CustomerRepo.php(51): PDOStatement->execute()
#1 /share/CACHEDEV1_DATA/Web/kms-php/public/index.php(168): App\CustomerRepo::listWithStats('ber', 'name_asc')
#2 {main}
  thrown in /share/CACHEDEV1_DATA/Web/kms-php/src/CustomerRepo.php on line 51
[08-Nov-2025 06:43:17 Asia/Taipei] PHP Fatal error:  Uncaught PDOException: SQLSTATE[HY093]: Invalid parameter number in /share/CACHEDEV1_DATA/Web/kms-php/src/UserRepo.php:83
Stack trace:
#0 /share/CACHEDEV1_DATA/Web/kms-php/src/UserRepo.php(83): PDOStatement->execute()
#1 /share/CACHEDEV1_DATA/Web/kms-php/public/index.php(85): App\UserRepo::listAll('phi', 'email_asc')
#2 {main}
  thrown in /share/CACHEDEV1_DATA/Web/kms-php/src/UserRepo.php on line 83
[08-Nov-2025 06:43:23 Asia/Taipei] PHP Fatal error:  Uncaught PDOException: SQLSTATE[HY093]: Invalid parameter number in /share/CACHEDEV1_DATA/Web/kms-php/src/CustomerRepo.php:51
Stack trace:
#0 /share/CACHEDEV1_DATA/Web/kms-php/src/CustomerRepo.php(51): PDOStatement->execute()
#1 /share/CACHEDEV1_DATA/Web/kms-php/public/index.php(170): App\CustomerRepo::listWithStats('phi', 'name_asc')
#2 {main}
  thrown in /share/CACHEDEV1_DATA/Web/kms-php/src/CustomerRepo.php on line 51
[08-Nov-2025 07:41:27 Asia/Taipei] PHP Fatal error:  Uncaught Error: Class "App\SystemRepo" not found in /share/CACHEDEV1_DATA/Web/kms-php/views/customer_view.php:26
Stack trace:
#0 /share/CACHEDEV1_DATA/Web/kms-php/public/index.php(43): require()
#1 /share/CACHEDEV1_DATA/Web/kms-php/public/index.php(289): render('customer_view', Array)
#2 {main}
  thrown in /share/CACHEDEV1_DATA/Web/kms-php/views/customer_view.php on line 26
[08-Nov-2025 07:41:32 Asia/Taipei] PHP Fatal error:  Uncaught Error: Class "App\SystemRepo" not found in /share/CACHEDEV1_DATA/Web/kms-php/views/customer_view.php:26
Stack trace:
#0 /share/CACHEDEV1_DATA/Web/kms-php/public/index.php(43): require()
#1 /share/CACHEDEV1_DATA/Web/kms-php/public/index.php(289): render('customer_view', Array)
#2 {main}
  thrown in /share/CACHEDEV1_DATA/Web/kms-php/views/customer_view.php on line 26
[08-Nov-2025 07:41:33 Asia/Taipei] PHP Warning:  compact(): Undefined variable $errors in /share/CACHEDEV1_DATA/Web/kms-php/public/index.php on line 339
[08-Nov-2025 07:41:34 Asia/Taipei] PHP Fatal error:  Uncaught Error: Class "App\SystemRepo" not found in /share/CACHEDEV1_DATA/Web/kms-php/views/customer_view.php:26
Stack trace:
#0 /share/CACHEDEV1_DATA/Web/kms-php/public/index.php(43): require()
#1 /share/CACHEDEV1_DATA/Web/kms-php/public/index.php(289): render('customer_view', Array)
#2 {main}
  thrown in /share/CACHEDEV1_DATA/Web/kms-php/views/customer_view.php on line 26
[08-Nov-2025 07:41:58 Asia/Taipei] PHP Fatal error:  Uncaught Error: Class "App\SystemRepo" not found in /share/CACHEDEV1_DATA/Web/kms-php/views/customer_view.php:26
Stack trace:
#0 /share/CACHEDEV1_DATA/Web/kms-php/public/index.php(43): require()
#1 /share/CACHEDEV1_DATA/Web/kms-php/public/index.php(289): render('customer_view', Array)
#2 {main}
  thrown in /share/CACHEDEV1_DATA/Web/kms-php/views/customer_view.php on line 26
[08-Nov-2025 07:42:02 Asia/Taipei] PHP Fatal error:  Uncaught Error: Class "App\SystemRepo" not found in /share/CACHEDEV1_DATA/Web/kms-php/views/customer_view.php:26
Stack trace:
#0 /share/CACHEDEV1_DATA/Web/kms-php/public/index.php(43): require()
#1 /share/CACHEDEV1_DATA/Web/kms-php/public/index.php(289): render('customer_view', Array)
#2 {main}
  thrown in /share/CACHEDEV1_DATA/Web/kms-php/views/customer_view.php on line 26
[08-Nov-2025 07:42:09 Asia/Taipei] PHP Fatal error:  Uncaught Error: Class "App\SystemRepo" not found in /share/CACHEDEV1_DATA/Web/kms-php/views/customer_view.php:26
Stack trace:
#0 /share/CACHEDEV1_DATA/Web/kms-php/public/index.php(43): require()
#1 /share/CACHEDEV1_DATA/Web/kms-php/public/index.php(289): render('customer_view', Array)
#2 {main}
  thrown in /share/CACHEDEV1_DATA/Web/kms-php/views/customer_view.php on line 26
[08-Nov-2025 07:42:24 Asia/Taipei] PHP Warning:  compact(): Undefined variable $errors in /share/CACHEDEV1_DATA/Web/kms-php/public/index.php on line 339
[08-Nov-2025 07:42:39 Asia/Taipei] PHP Fatal error:  Uncaught PDOException: SQLSTATE[42S22]: Column not found: 1054 Unknown column 'type' in 'field list' in /share/CACHEDEV1_DATA/Web/kms-php/src/SystemRepo.php:30
Stack trace:
#0 /share/CACHEDEV1_DATA/Web/kms-php/src/SystemRepo.php(30): PDO->prepare('\r\n      INSERT ...')
#1 /share/CACHEDEV1_DATA/Web/kms-php/public/index.php(358): App\SystemRepo::create(Array)
#2 {main}
  thrown in /share/CACHEDEV1_DATA/Web/kms-php/src/SystemRepo.php on line 30
[08-Nov-2025 07:43:31 Asia/Taipei] PHP Warning:  compact(): Undefined variable $errors in /share/CACHEDEV1_DATA/Web/kms-php/public/index.php on line 341
[08-Nov-2025 07:43:38 Asia/Taipei] PHP Warning:  compact(): Undefined variable $errors in /share/CACHEDEV1_DATA/Web/kms-php/public/index.php on line 341
[08-Nov-2025 07:43:41 Asia/Taipei] PHP Warning:  compact(): Undefined variable $errors in /share/CACHEDEV1_DATA/Web/kms-php/public/index.php on line 341
[08-Nov-2025 07:43:43 Asia/Taipei] PHP Fatal error:  Uncaught PDOException: SQLSTATE[42S22]: Column not found: 1054 Unknown column 'type' in 'field list' in /share/CACHEDEV1_DATA/Web/kms-php/src/SystemRepo.php:30
Stack trace:
#0 /share/CACHEDEV1_DATA/Web/kms-php/src/SystemRepo.php(30): PDO->prepare('\r\n      INSERT ...')
#1 /share/CACHEDEV1_DATA/Web/kms-php/public/index.php(358): App\SystemRepo::create(Array)
#2 {main}
  thrown in /share/CACHEDEV1_DATA/Web/kms-php/src/SystemRepo.php on line 30
[08-Nov-2025 07:44:06 Asia/Taipei] PHP Warning:  compact(): Undefined variable $errors in /share/CACHEDEV1_DATA/Web/kms-php/public/index.php on line 341
[08-Nov-2025 07:44:08 Asia/Taipei] PHP Warning:  compact(): Undefined variable $errors in /share/CACHEDEV1_DATA/Web/kms-php/public/index.php on line 373
[08-Nov-2025 07:44:12 Asia/Taipei] PHP Fatal error:  Uncaught PDOException: SQLSTATE[42S22]: Column not found: 1054 Unknown column 'comment' in 'field list' in /share/CACHEDEV1_DATA/Web/kms-php/src/TaskRepo.php:13
Stack trace:
#0 /share/CACHEDEV1_DATA/Web/kms-php/src/TaskRepo.php(13): PDO->prepare('\r\n    INSERT IN...')
#1 /share/CACHEDEV1_DATA/Web/kms-php/public/index.php(389): App\TaskRepo::create(Array)
#2 {main}
  thrown in /share/CACHEDEV1_DATA/Web/kms-php/src/TaskRepo.php on line 13
[08-Nov-2025 07:51:05 Asia/Taipei] PHP Warning:  compact(): Undefined variable $errors in /share/CACHEDEV1_DATA/Web/kms-php/public/index.php on line 373
[08-Nov-2025 07:51:11 Asia/Taipei] PHP Warning:  compact(): Undefined variable $errors in /share/CACHEDEV1_DATA/Web/kms-php/public/index.php on line 341
[08-Nov-2025 17:44:45 Asia/Taipei] PHP Warning:  compact(): Undefined variable $errors in /share/CACHEDEV1_DATA/Web/kms-php/public/index.php on line 341
[08-Nov-2025 17:44:56 Asia/Taipei] PHP Warning:  compact(): Undefined variable $errors in /share/CACHEDEV1_DATA/Web/kms-php/public/index.php on line 421
[08-Nov-2025 17:45:17 Asia/Taipei] PHP Warning:  compact(): Undefined variable $errors in /share/CACHEDEV1_DATA/Web/kms-php/public/index.php on line 421
[09-Nov-2025 03:58:54 Asia/Taipei] PHP Warning:  compact(): Undefined variable $errors in /share/CACHEDEV1_DATA/Web/kms-php/public/index.php on line 341
[09-Nov-2025 03:58:57 Asia/Taipei] PHP Warning:  compact(): Undefined variable $errors in /share/CACHEDEV1_DATA/Web/kms-php/public/index.php on line 421
[09-Nov-2025 04:59:22 Asia/Taipei] PHP Parse error:  syntax error, unexpected token "public", expecting end of file in /share/CACHEDEV1_DATA/Web/kms-php/src/Config.php on line 4
[09-Nov-2025 04:59:23 Asia/Taipei] PHP Parse error:  syntax error, unexpected token "public", expecting end of file in /share/CACHEDEV1_DATA/Web/kms-php/src/Config.php on line 4
[09-Nov-2025 04:59:23 Asia/Taipei] PHP Parse error:  syntax error, unexpected token "public", expecting end of file in /share/CACHEDEV1_DATA/Web/kms-php/src/Config.php on line 4
[09-Nov-2025 04:59:23 Asia/Taipei] PHP Parse error:  syntax error, unexpected token "public", expecting end of file in /share/CACHEDEV1_DATA/Web/kms-php/src/Config.php on line 4
[09-Nov-2025 04:59:23 Asia/Taipei] PHP Parse error:  syntax error, unexpected token "public", expecting end of file in /share/CACHEDEV1_DATA/Web/kms-php/src/Config.php on line 4
[09-Nov-2025 05:04:44 Asia/Taipei] PHP Parse error:  syntax error, unexpected token "public", expecting end of file in /share/CACHEDEV1_DATA/Web/kms-php/src/Config.php on line 4
[09-Nov-2025 05:04:44 Asia/Taipei] PHP Parse error:  syntax error, unexpected token "public", expecting end of file in /share/CACHEDEV1_DATA/Web/kms-php/src/Config.php on line 4
[09-Nov-2025 05:04:45 Asia/Taipei] PHP Parse error:  syntax error, unexpected token "public", expecting end of file in /share/CACHEDEV1_DATA/Web/kms-php/src/Config.php on line 4
[09-Nov-2025 05:04:45 Asia/Taipei] PHP Parse error:  syntax error, unexpected token "public", expecting end of file in /share/CACHEDEV1_DATA/Web/kms-php/src/Config.php on line 4
[09-Nov-2025 05:04:45 Asia/Taipei] PHP Parse error:  syntax error, unexpected token "public", expecting end of file in /share/CACHEDEV1_DATA/Web/kms-php/src/Config.php on line 4
[09-Nov-2025 05:05:33 Asia/Taipei] PHP Fatal error:  Uncaught Error: Class "App\ReportRepo" not found in /share/CACHEDEV1_DATA/Web/kms-php/views/customer_view.php:119
Stack trace:
#0 /share/CACHEDEV1_DATA/Web/kms-php/public/index.php(45): require()
#1 /share/CACHEDEV1_DATA/Web/kms-php/public/index.php(291): render('customer_view', Array)
#2 {main}
  thrown in /share/CACHEDEV1_DATA/Web/kms-php/views/customer_view.php on line 119
[09-Nov-2025 05:05:34 Asia/Taipei] PHP Fatal error:  Uncaught Error: Class "App\ReportRepo" not found in /share/CACHEDEV1_DATA/Web/kms-php/views/customer_view.php:119
Stack trace:
#0 /share/CACHEDEV1_DATA/Web/kms-php/public/index.php(45): require()
#1 /share/CACHEDEV1_DATA/Web/kms-php/public/index.php(291): render('customer_view', Array)
#2 {main}
  thrown in /share/CACHEDEV1_DATA/Web/kms-php/views/customer_view.php on line 119
[09-Nov-2025 05:05:35 Asia/Taipei] PHP Fatal error:  Uncaught Error: Class "App\ReportRepo" not found in /share/CACHEDEV1_DATA/Web/kms-php/views/customer_view.php:119
Stack trace:
#0 /share/CACHEDEV1_DATA/Web/kms-php/public/index.php(45): require()
#1 /share/CACHEDEV1_DATA/Web/kms-php/public/index.php(291): render('customer_view', Array)
#2 {main}
  thrown in /share/CACHEDEV1_DATA/Web/kms-php/views/customer_view.php on line 119
[09-Nov-2025 05:05:42 Asia/Taipei] PHP Fatal error:  Uncaught Error: Class "App\ReportRepo" not found in /share/CACHEDEV1_DATA/Web/kms-php/views/customer_view.php:119
Stack trace:
#0 /share/CACHEDEV1_DATA/Web/kms-php/public/index.php(45): require()
#1 /share/CACHEDEV1_DATA/Web/kms-php/public/index.php(291): render('customer_view', Array)
#2 {main}
  thrown in /share/CACHEDEV1_DATA/Web/kms-php/views/customer_view.php on line 119
[09-Nov-2025 05:05:44 Asia/Taipei] PHP Fatal error:  Uncaught Error: Class "App\ReportRepo" not found in /share/CACHEDEV1_DATA/Web/kms-php/views/customer_view.php:119
Stack trace:
#0 /share/CACHEDEV1_DATA/Web/kms-php/public/index.php(45): require()
#1 /share/CACHEDEV1_DATA/Web/kms-php/public/index.php(291): render('customer_view', Array)
#2 {main}
  thrown in /share/CACHEDEV1_DATA/Web/kms-php/views/customer_view.php on line 119
[09-Nov-2025 05:05:45 Asia/Taipei] PHP Fatal error:  Uncaught Error: Class "App\ReportRepo" not found in /share/CACHEDEV1_DATA/Web/kms-php/views/customer_view.php:119
Stack trace:
#0 /share/CACHEDEV1_DATA/Web/kms-php/public/index.php(45): require()
#1 /share/CACHEDEV1_DATA/Web/kms-php/public/index.php(291): render('customer_view', Array)
#2 {main}
  thrown in /share/CACHEDEV1_DATA/Web/kms-php/views/customer_view.php on line 119
[09-Nov-2025 05:05:45 Asia/Taipei] PHP Fatal error:  Uncaught Error: Class "App\ReportRepo" not found in /share/CACHEDEV1_DATA/Web/kms-php/views/customer_view.php:119
Stack trace:
#0 /share/CACHEDEV1_DATA/Web/kms-php/public/index.php(45): require()
#1 /share/CACHEDEV1_DATA/Web/kms-php/public/index.php(291): render('customer_view', Array)
#2 {main}
  thrown in /share/CACHEDEV1_DATA/Web/kms-php/views/customer_view.php on line 119
[09-Nov-2025 05:05:45 Asia/Taipei] PHP Fatal error:  Uncaught Error: Class "App\ReportRepo" not found in /share/CACHEDEV1_DATA/Web/kms-php/views/customer_view.php:119
Stack trace:
#0 /share/CACHEDEV1_DATA/Web/kms-php/public/index.php(45): require()
#1 /share/CACHEDEV1_DATA/Web/kms-php/public/index.php(291): render('customer_view', Array)
#2 {main}
  thrown in /share/CACHEDEV1_DATA/Web/kms-php/views/customer_view.php on line 119
[09-Nov-2025 05:05:45 Asia/Taipei] PHP Fatal error:  Uncaught Error: Class "App\ReportRepo" not found in /share/CACHEDEV1_DATA/Web/kms-php/views/customer_view.php:119
Stack trace:
#0 /share/CACHEDEV1_DATA/Web/kms-php/public/index.php(45): require()
#1 /share/CACHEDEV1_DATA/Web/kms-php/public/index.php(291): render('customer_view', Array)
#2 {main}
  thrown in /share/CACHEDEV1_DATA/Web/kms-php/views/customer_view.php on line 119
[09-Nov-2025 05:05:46 Asia/Taipei] PHP Fatal error:  Uncaught Error: Class "App\ReportRepo" not found in /share/CACHEDEV1_DATA/Web/kms-php/views/customer_view.php:119
Stack trace:
#0 /share/CACHEDEV1_DATA/Web/kms-php/public/index.php(45): require()
#1 /share/CACHEDEV1_DATA/Web/kms-php/public/index.php(291): render('customer_view', Array)
#2 {main}
  thrown in /share/CACHEDEV1_DATA/Web/kms-php/views/customer_view.php on line 119
[09-Nov-2025 05:05:53 Asia/Taipei] PHP Fatal error:  Uncaught Error: Class "App\ReportRepo" not found in /share/CACHEDEV1_DATA/Web/kms-php/views/customer_view.php:119
Stack trace:
#0 /share/CACHEDEV1_DATA/Web/kms-php/public/index.php(45): require()
#1 /share/CACHEDEV1_DATA/Web/kms-php/public/index.php(291): render('customer_view', Array)
#2 {main}
  thrown in /share/CACHEDEV1_DATA/Web/kms-php/views/customer_view.php on line 119
[09-Nov-2025 05:05:54 Asia/Taipei] PHP Fatal error:  Uncaught Error: Class "App\ReportRepo" not found in /share/CACHEDEV1_DATA/Web/kms-php/views/customer_view.php:119
Stack trace:
#0 /share/CACHEDEV1_DATA/Web/kms-php/public/index.php(45): require()
#1 /share/CACHEDEV1_DATA/Web/kms-php/public/index.php(291): render('customer_view', Array)
#2 {main}
  thrown in /share/CACHEDEV1_DATA/Web/kms-php/views/customer_view.php on line 119
[09-Nov-2025 05:05:55 Asia/Taipei] PHP Fatal error:  Uncaught Error: Class "App\ReportRepo" not found in /share/CACHEDEV1_DATA/Web/kms-php/views/customer_view.php:119
Stack trace:
#0 /share/CACHEDEV1_DATA/Web/kms-php/public/index.php(45): require()
#1 /share/CACHEDEV1_DATA/Web/kms-php/public/index.php(291): render('customer_view', Array)
#2 {main}
  thrown in /share/CACHEDEV1_DATA/Web/kms-php/views/customer_view.php on line 119
[09-Nov-2025 05:05:55 Asia/Taipei] PHP Fatal error:  Uncaught Error: Class "App\ReportRepo" not found in /share/CACHEDEV1_DATA/Web/kms-php/views/customer_view.php:119
Stack trace:
#0 /share/CACHEDEV1_DATA/Web/kms-php/public/index.php(45): require()
#1 /share/CACHEDEV1_DATA/Web/kms-php/public/index.php(291): render('customer_view', Array)
#2 {main}
  thrown in /share/CACHEDEV1_DATA/Web/kms-php/views/customer_view.php on line 119
[09-Nov-2025 05:05:55 Asia/Taipei] PHP Fatal error:  Uncaught Error: Class "App\ReportRepo" not found in /share/CACHEDEV1_DATA/Web/kms-php/views/customer_view.php:119
Stack trace:
#0 /share/CACHEDEV1_DATA/Web/kms-php/public/index.php(45): require()
#1 /share/CACHEDEV1_DATA/Web/kms-php/public/index.php(291): render('customer_view', Array)
#2 {main}
  thrown in /share/CACHEDEV1_DATA/Web/kms-php/views/customer_view.php on line 119
[09-Nov-2025 05:06:07 Asia/Taipei] PHP Fatal error:  Uncaught Error: Class "App\ReportRepo" not found in /share/CACHEDEV1_DATA/Web/kms-php/views/customer_view.php:119
Stack trace:
#0 /share/CACHEDEV1_DATA/Web/kms-php/public/index.php(45): require()
#1 /share/CACHEDEV1_DATA/Web/kms-php/public/index.php(291): render('customer_view', Array)
#2 {main}
  thrown in /share/CACHEDEV1_DATA/Web/kms-php/views/customer_view.php on line 119
[09-Nov-2025 05:06:09 Asia/Taipei] PHP Fatal error:  Uncaught Error: Class "App\ReportRepo" not found in /share/CACHEDEV1_DATA/Web/kms-php/views/customer_view.php:119
Stack trace:
#0 /share/CACHEDEV1_DATA/Web/kms-php/public/index.php(45): require()
#1 /share/CACHEDEV1_DATA/Web/kms-php/public/index.php(291): render('customer_view', Array)
#2 {main}
  thrown in /share/CACHEDEV1_DATA/Web/kms-php/views/customer_view.php on line 119
[09-Nov-2025 05:06:10 Asia/Taipei] PHP Fatal error:  Uncaught Error: Class "App\ReportRepo" not found in /share/CACHEDEV1_DATA/Web/kms-php/views/customer_view.php:119
Stack trace:
#0 /share/CACHEDEV1_DATA/Web/kms-php/public/index.php(45): require()
#1 /share/CACHEDEV1_DATA/Web/kms-php/public/index.php(291): render('customer_view', Array)
#2 {main}
  thrown in /share/CACHEDEV1_DATA/Web/kms-php/views/customer_view.php on line 119
[09-Nov-2025 05:06:10 Asia/Taipei] PHP Fatal error:  Uncaught Error: Class "App\ReportRepo" not found in /share/CACHEDEV1_DATA/Web/kms-php/views/customer_view.php:119
Stack trace:
#0 /share/CACHEDEV1_DATA/Web/kms-php/public/index.php(45): require()
#1 /share/CACHEDEV1_DATA/Web/kms-php/public/index.php(291): render('customer_view', Array)
#2 {main}
  thrown in /share/CACHEDEV1_DATA/Web/kms-php/views/customer_view.php on line 119
[09-Nov-2025 05:06:10 Asia/Taipei] PHP Fatal error:  Uncaught Error: Class "App\ReportRepo" not found in /share/CACHEDEV1_DATA/Web/kms-php/views/customer_view.php:119
Stack trace:
#0 /share/CACHEDEV1_DATA/Web/kms-php/public/index.php(45): require()
#1 /share/CACHEDEV1_DATA/Web/kms-php/public/index.php(291): render('customer_view', Array)
#2 {main}
  thrown in /share/CACHEDEV1_DATA/Web/kms-php/views/customer_view.php on line 119
[09-Nov-2025 05:06:10 Asia/Taipei] PHP Fatal error:  Uncaught Error: Class "App\ReportRepo" not found in /share/CACHEDEV1_DATA/Web/kms-php/views/customer_view.php:119
Stack trace:
#0 /share/CACHEDEV1_DATA/Web/kms-php/public/index.php(45): require()
#1 /share/CACHEDEV1_DATA/Web/kms-php/public/index.php(291): render('customer_view', Array)
#2 {main}
  thrown in /share/CACHEDEV1_DATA/Web/kms-php/views/customer_view.php on line 119
[09-Nov-2025 05:06:10 Asia/Taipei] PHP Fatal error:  Uncaught Error: Class "App\ReportRepo" not found in /share/CACHEDEV1_DATA/Web/kms-php/views/customer_view.php:119
Stack trace:
#0 /share/CACHEDEV1_DATA/Web/kms-php/public/index.php(45): require()
#1 /share/CACHEDEV1_DATA/Web/kms-php/public/index.php(291): render('customer_view', Array)
#2 {main}
  thrown in /share/CACHEDEV1_DATA/Web/kms-php/views/customer_view.php on line 119
[09-Nov-2025 05:06:11 Asia/Taipei] PHP Fatal error:  Uncaught Error: Class "App\ReportRepo" not found in /share/CACHEDEV1_DATA/Web/kms-php/views/customer_view.php:119
Stack trace:
#0 /share/CACHEDEV1_DATA/Web/kms-php/public/index.php(45): require()
#1 /share/CACHEDEV1_DATA/Web/kms-php/public/index.php(291): render('customer_view', Array)
#2 {main}
  thrown in /share/CACHEDEV1_DATA/Web/kms-php/views/customer_view.php on line 119
[09-Nov-2025 05:06:13 Asia/Taipei] PHP Fatal error:  Uncaught Error: Class "App\ReportRepo" not found in /share/CACHEDEV1_DATA/Web/kms-php/views/customer_view.php:119
Stack trace:
#0 /share/CACHEDEV1_DATA/Web/kms-php/public/index.php(45): require()
#1 /share/CACHEDEV1_DATA/Web/kms-php/public/index.php(291): render('customer_view', Array)
#2 {main}
  thrown in /share/CACHEDEV1_DATA/Web/kms-php/views/customer_view.php on line 119
[09-Nov-2025 05:06:13 Asia/Taipei] PHP Fatal error:  Uncaught Error: Class "App\ReportRepo" not found in /share/CACHEDEV1_DATA/Web/kms-php/views/customer_view.php:119
Stack trace:
#0 /share/CACHEDEV1_DATA/Web/kms-php/public/index.php(45): require()
#1 /share/CACHEDEV1_DATA/Web/kms-php/public/index.php(291): render('customer_view', Array)
#2 {main}
  thrown in /share/CACHEDEV1_DATA/Web/kms-php/views/customer_view.php on line 119
[09-Nov-2025 05:06:13 Asia/Taipei] PHP Fatal error:  Uncaught Error: Class "App\ReportRepo" not found in /share/CACHEDEV1_DATA/Web/kms-php/views/customer_view.php:119
Stack trace:
#0 /share/CACHEDEV1_DATA/Web/kms-php/public/index.php(45): require()
#1 /share/CACHEDEV1_DATA/Web/kms-php/public/index.php(291): render('customer_view', Array)
#2 {main}
  thrown in /share/CACHEDEV1_DATA/Web/kms-php/views/customer_view.php on line 119
[09-Nov-2025 05:06:17 Asia/Taipei] PHP Fatal error:  Uncaught Error: Class "App\ReportRepo" not found in /share/CACHEDEV1_DATA/Web/kms-php/views/customer_view.php:119
Stack trace:
#0 /share/CACHEDEV1_DATA/Web/kms-php/public/index.php(45): require()
#1 /share/CACHEDEV1_DATA/Web/kms-php/public/index.php(291): render('customer_view', Array)
#2 {main}
  thrown in /share/CACHEDEV1_DATA/Web/kms-php/views/customer_view.php on line 119
[09-Nov-2025 05:06:18 Asia/Taipei] PHP Fatal error:  Uncaught Error: Class "App\ReportRepo" not found in /share/CACHEDEV1_DATA/Web/kms-php/public/index.php:539
Stack trace:
#0 {main}
  thrown in /share/CACHEDEV1_DATA/Web/kms-php/public/index.php on line 539
[09-Nov-2025 05:09:06 Asia/Taipei] PHP Fatal error:  Uncaught Error: Class "App\ReportRepo" not found in /share/CACHEDEV1_DATA/Web/kms-php/public/index.php:539
Stack trace:
#0 {main}
  thrown in /share/CACHEDEV1_DATA/Web/kms-php/public/index.php on line 539
[09-Nov-2025 05:15:32 Asia/Taipei] PHP Warning:  require_once(/share/CACHEDEV1_DATA/Web/kms-php/src/../vendor/tcpdf_min/tcpdf.php): Failed to open stream: No such file or directory in /share/CACHEDEV1_DATA/Web/kms-php/src/ReportRepo.php on line 4
[09-Nov-2025 05:15:32 Asia/Taipei] PHP Fatal error:  Uncaught Error: Failed opening required '/share/CACHEDEV1_DATA/Web/kms-php/src/../vendor/tcpdf_min/tcpdf.php' (include_path='.:/etc/config/php') in /share/CACHEDEV1_DATA/Web/kms-php/src/ReportRepo.php:4
Stack trace:
#0 /share/CACHEDEV1_DATA/Web/kms-php/public/index.php(28): require_once()
#1 {main}
  thrown in /share/CACHEDEV1_DATA/Web/kms-php/src/ReportRepo.php on line 4
[09-Nov-2025 05:15:32 Asia/Taipei] PHP Warning:  require_once(/share/CACHEDEV1_DATA/Web/kms-php/src/../vendor/tcpdf_min/tcpdf.php): Failed to open stream: No such file or directory in /share/CACHEDEV1_DATA/Web/kms-php/src/ReportRepo.php on line 4
[09-Nov-2025 05:15:32 Asia/Taipei] PHP Fatal error:  Uncaught Error: Failed opening required '/share/CACHEDEV1_DATA/Web/kms-php/src/../vendor/tcpdf_min/tcpdf.php' (include_path='.:/etc/config/php') in /share/CACHEDEV1_DATA/Web/kms-php/src/ReportRepo.php:4
Stack trace:
#0 /share/CACHEDEV1_DATA/Web/kms-php/public/index.php(28): require_once()
#1 {main}
  thrown in /share/CACHEDEV1_DATA/Web/kms-php/src/ReportRepo.php on line 4
[09-Nov-2025 05:15:32 Asia/Taipei] PHP Warning:  require_once(/share/CACHEDEV1_DATA/Web/kms-php/src/../vendor/tcpdf_min/tcpdf.php): Failed to open stream: No such file or directory in /share/CACHEDEV1_DATA/Web/kms-php/src/ReportRepo.php on line 4
[09-Nov-2025 05:15:32 Asia/Taipei] PHP Fatal error:  Uncaught Error: Failed opening required '/share/CACHEDEV1_DATA/Web/kms-php/src/../vendor/tcpdf_min/tcpdf.php' (include_path='.:/etc/config/php') in /share/CACHEDEV1_DATA/Web/kms-php/src/ReportRepo.php:4
Stack trace:
#0 /share/CACHEDEV1_DATA/Web/kms-php/public/index.php(28): require_once()
#1 {main}
  thrown in /share/CACHEDEV1_DATA/Web/kms-php/src/ReportRepo.php on line 4
[09-Nov-2025 05:15:32 Asia/Taipei] PHP Warning:  require_once(/share/CACHEDEV1_DATA/Web/kms-php/src/../vendor/tcpdf_min/tcpdf.php): Failed to open stream: No such file or directory in /share/CACHEDEV1_DATA/Web/kms-php/src/ReportRepo.php on line 4
[09-Nov-2025 05:15:32 Asia/Taipei] PHP Fatal error:  Uncaught Error: Failed opening required '/share/CACHEDEV1_DATA/Web/kms-php/src/../vendor/tcpdf_min/tcpdf.php' (include_path='.:/etc/config/php') in /share/CACHEDEV1_DATA/Web/kms-php/src/ReportRepo.php:4
Stack trace:
#0 /share/CACHEDEV1_DATA/Web/kms-php/public/index.php(28): require_once()
#1 {main}
  thrown in /share/CACHEDEV1_DATA/Web/kms-php/src/ReportRepo.php on line 4
[09-Nov-2025 05:15:34 Asia/Taipei] PHP Warning:  require_once(/share/CACHEDEV1_DATA/Web/kms-php/src/../vendor/tcpdf_min/tcpdf.php): Failed to open stream: No such file or directory in /share/CACHEDEV1_DATA/Web/kms-php/src/ReportRepo.php on line 4
[09-Nov-2025 05:15:34 Asia/Taipei] PHP Fatal error:  Uncaught Error: Failed opening required '/share/CACHEDEV1_DATA/Web/kms-php/src/../vendor/tcpdf_min/tcpdf.php' (include_path='.:/etc/config/php') in /share/CACHEDEV1_DATA/Web/kms-php/src/ReportRepo.php:4
Stack trace:
#0 /share/CACHEDEV1_DATA/Web/kms-php/public/index.php(28): require_once()
#1 {main}
  thrown in /share/CACHEDEV1_DATA/Web/kms-php/src/ReportRepo.php on line 4
[09-Nov-2025 05:15:35 Asia/Taipei] PHP Warning:  require_once(/share/CACHEDEV1_DATA/Web/kms-php/src/../vendor/tcpdf_min/tcpdf.php): Failed to open stream: No such file or directory in /share/CACHEDEV1_DATA/Web/kms-php/src/ReportRepo.php on line 4
[09-Nov-2025 05:15:35 Asia/Taipei] PHP Fatal error:  Uncaught Error: Failed opening required '/share/CACHEDEV1_DATA/Web/kms-php/src/../vendor/tcpdf_min/tcpdf.php' (include_path='.:/etc/config/php') in /share/CACHEDEV1_DATA/Web/kms-php/src/ReportRepo.php:4
Stack trace:
#0 /share/CACHEDEV1_DATA/Web/kms-php/public/index.php(28): require_once()
#1 {main}
  thrown in /share/CACHEDEV1_DATA/Web/kms-php/src/ReportRepo.php on line 4
[09-Nov-2025 05:17:00 Asia/Taipei] PHP Warning:  require_once(/share/CACHEDEV1_DATA/Web/kms-php/src/../vendor/tcpdf_min/tcpdf.php): Failed to open stream: No such file or directory in /share/CACHEDEV1_DATA/Web/kms-php/src/ReportRepo.php on line 69
[09-Nov-2025 05:17:00 Asia/Taipei] PHP Fatal error:  Uncaught Error: Failed opening required '/share/CACHEDEV1_DATA/Web/kms-php/src/../vendor/tcpdf_min/tcpdf.php' (include_path='.:/etc/config/php') in /share/CACHEDEV1_DATA/Web/kms-php/src/ReportRepo.php:69
Stack trace:
#0 /share/CACHEDEV1_DATA/Web/kms-php/public/index.php(540): App\ReportRepo::generateCustomerReport(3, 1)
#1 {main}
  thrown in /share/CACHEDEV1_DATA/Web/kms-php/src/ReportRepo.php on line 69
[09-Nov-2025 05:19:11 Asia/Taipei] PHP Warning:  require_once(/share/CACHEDEV1_DATA/Web/kms-php/src/../vendor/tcpdf_min/tcpdf.php): Failed to open stream: No such file or directory in /share/CACHEDEV1_DATA/Web/kms-php/src/ReportRepo.php on line 69
[09-Nov-2025 05:19:11 Asia/Taipei] PHP Fatal error:  Uncaught Error: Failed opening required '/share/CACHEDEV1_DATA/Web/kms-php/src/../vendor/tcpdf_min/tcpdf.php' (include_path='.:/etc/config/php') in /share/CACHEDEV1_DATA/Web/kms-php/src/ReportRepo.php:69
Stack trace:
#0 /share/CACHEDEV1_DATA/Web/kms-php/public/index.php(540): App\ReportRepo::generateCustomerReport(3, 1)
#1 {main}
  thrown in /share/CACHEDEV1_DATA/Web/kms-php/src/ReportRepo.php on line 69
[09-Nov-2025 05:27:16 Asia/Taipei] PHP Warning:  compact(): Undefined variable $errors in /share/CACHEDEV1_DATA/Web/kms-php/public/index.php on line 342
[09-Nov-2025 05:28:03 Asia/Taipei] PHP Warning:  compact(): Undefined variable $errors in /share/CACHEDEV1_DATA/Web/kms-php/public/index.php on line 422
[09-Nov-2025 05:31:25 Asia/Taipei] PHP Warning:  compact(): Undefined variable $errors in /share/CACHEDEV1_DATA/Web/kms-php/public/index.php on line 422
[09-Nov-2025 07:03:21 Asia/Taipei] PHP Parse error:  syntax error, unexpected token "foreach", expecting "function" or "const" in /share/CACHEDEV1_DATA/Web/kms-php/src/FileRepo.php on line 30
[09-Nov-2025 07:03:24 Asia/Taipei] PHP Parse error:  syntax error, unexpected token "foreach", expecting "function" or "const" in /share/CACHEDEV1_DATA/Web/kms-php/src/FileRepo.php on line 30
[09-Nov-2025 08:16:39 Asia/Taipei] PHP Parse error:  syntax error, unexpected token "namespace", expecting "function" or "const" in /share/CACHEDEV1_DATA/Web/kms-php/src/CustomerRepo.php on line 354
[09-Nov-2025 08:16:40 Asia/Taipei] PHP Parse error:  syntax error, unexpected token "namespace", expecting "function" or "const" in /share/CACHEDEV1_DATA/Web/kms-php/src/CustomerRepo.php on line 354
[09-Nov-2025 08:16:40 Asia/Taipei] PHP Parse error:  syntax error, unexpected token "namespace", expecting "function" or "const" in /share/CACHEDEV1_DATA/Web/kms-php/src/CustomerRepo.php on line 354
[09-Nov-2025 08:16:40 Asia/Taipei] PHP Parse error:  syntax error, unexpected token "namespace", expecting "function" or "const" in /share/CACHEDEV1_DATA/Web/kms-php/src/CustomerRepo.php on line 354
[09-Nov-2025 08:17:49 Asia/Taipei] PHP Parse error:  Unmatched '}' in /share/CACHEDEV1_DATA/Web/kms-php/src/CustomerRepo.php on line 394
[09-Nov-2025 08:17:49 Asia/Taipei] PHP Parse error:  Unmatched '}' in /share/CACHEDEV1_DATA/Web/kms-php/src/CustomerRepo.php on line 394
[09-Nov-2025 08:17:50 Asia/Taipei] PHP Parse error:  Unmatched '}' in /share/CACHEDEV1_DATA/Web/kms-php/src/CustomerRepo.php on line 394
[09-Nov-2025 08:17:50 Asia/Taipei] PHP Parse error:  Unmatched '}' in /share/CACHEDEV1_DATA/Web/kms-php/src/CustomerRepo.php on line 394
[09-Nov-2025 08:17:50 Asia/Taipei] PHP Parse error:  Unmatched '}' in /share/CACHEDEV1_DATA/Web/kms-php/src/CustomerRepo.php on line 394
[09-Nov-2025 08:17:50 Asia/Taipei] PHP Parse error:  Unmatched '}' in /share/CACHEDEV1_DATA/Web/kms-php/src/CustomerRepo.php on line 394
[09-Nov-2025 08:18:36 Asia/Taipei] PHP Fatal error:  Cannot redeclare App\CustomerRepo::ensureStorage() in /share/CACHEDEV1_DATA/Web/kms-php/src/CustomerRepo.php on line 375
[09-Nov-2025 08:18:37 Asia/Taipei] PHP Fatal error:  Cannot redeclare App\CustomerRepo::ensureStorage() in /share/CACHEDEV1_DATA/Web/kms-php/src/CustomerRepo.php on line 375
[09-Nov-2025 08:18:37 Asia/Taipei] PHP Fatal error:  Cannot redeclare App\CustomerRepo::ensureStorage() in /share/CACHEDEV1_DATA/Web/kms-php/src/CustomerRepo.php on line 375
[09-Nov-2025 08:18:37 Asia/Taipei] PHP Fatal error:  Cannot redeclare App\CustomerRepo::ensureStorage() in /share/CACHEDEV1_DATA/Web/kms-php/src/CustomerRepo.php on line 375
[09-Nov-2025 08:18:37 Asia/Taipei] PHP Fatal error:  Cannot redeclare App\CustomerRepo::ensureStorage() in /share/CACHEDEV1_DATA/Web/kms-php/src/CustomerRepo.php on line 375
[09-Nov-2025 08:18:37 Asia/Taipei] PHP Fatal error:  Cannot redeclare App\CustomerRepo::ensureStorage() in /share/CACHEDEV1_DATA/Web/kms-php/src/CustomerRepo.php on line 375
[09-Nov-2025 16:54:58 Europe/Zurich] PHP Fatal error:  Uncaught Error: Call to undefined method App\TaskRepo::listOpenDue() in /share/CACHEDEV1_DATA/Web/kms-php/public/index.php:81
Stack trace:
#0 {main}
  thrown in /share/CACHEDEV1_DATA/Web/kms-php/public/index.php on line 81
[09-Nov-2025 16:54:58 Europe/Zurich] PHP Fatal error:  Uncaught Error: Call to undefined method App\TaskRepo::listOpenDue() in /share/CACHEDEV1_DATA/Web/kms-php/public/index.php:81
Stack trace:
#0 {main}
  thrown in /share/CACHEDEV1_DATA/Web/kms-php/public/index.php on line 81
[09-Nov-2025 16:54:59 Europe/Zurich] PHP Fatal error:  Uncaught Error: Call to undefined method App\TaskRepo::listOpenDue() in /share/CACHEDEV1_DATA/Web/kms-php/public/index.php:81
Stack trace:
#0 {main}
  thrown in /share/CACHEDEV1_DATA/Web/kms-php/public/index.php on line 81
[09-Nov-2025 16:54:59 Europe/Zurich] PHP Fatal error:  Uncaught Error: Call to undefined method App\TaskRepo::listOpenDue() in /share/CACHEDEV1_DATA/Web/kms-php/public/index.php:81
Stack trace:
#0 {main}
  thrown in /share/CACHEDEV1_DATA/Web/kms-php/public/index.php on line 81
[09-Nov-2025 16:54:59 Europe/Zurich] PHP Fatal error:  Uncaught Error: Call to undefined method App\TaskRepo::listOpenDue() in /share/CACHEDEV1_DATA/Web/kms-php/public/index.php:81
Stack trace:
#0 {main}
  thrown in /share/CACHEDEV1_DATA/Web/kms-php/public/index.php on line 81
[09-Nov-2025 16:54:59 Europe/Zurich] PHP Fatal error:  Uncaught Error: Call to undefined method App\TaskRepo::listOpenDue() in /share/CACHEDEV1_DATA/Web/kms-php/public/index.php:81
Stack trace:
#0 {main}
  thrown in /share/CACHEDEV1_DATA/Web/kms-php/public/index.php on line 81
[09-Nov-2025 16:54:59 Europe/Zurich] PHP Fatal error:  Uncaught Error: Call to undefined method App\TaskRepo::listOpenDue() in /share/CACHEDEV1_DATA/Web/kms-php/public/index.php:81
Stack trace:
#0 {main}
  thrown in /share/CACHEDEV1_DATA/Web/kms-php/public/index.php on line 81
[09-Nov-2025 16:55:22 Europe/Zurich] PHP Fatal error:  Uncaught Error: Call to undefined method App\TaskRepo::listOpenDue() in /share/CACHEDEV1_DATA/Web/kms-php/public/index.php:81
Stack trace:
#0 {main}
  thrown in /share/CACHEDEV1_DATA/Web/kms-php/public/index.php on line 81
[09-Nov-2025 16:55:22 Europe/Zurich] PHP Fatal error:  Uncaught Error: Call to undefined method App\TaskRepo::listOpenDue() in /share/CACHEDEV1_DATA/Web/kms-php/public/index.php:81
Stack trace:
#0 {main}
  thrown in /share/CACHEDEV1_DATA/Web/kms-php/public/index.php on line 81
[09-Nov-2025 16:55:22 Europe/Zurich] PHP Fatal error:  Uncaught Error: Call to undefined method App\TaskRepo::listOpenDue() in /share/CACHEDEV1_DATA/Web/kms-php/public/index.php:81
Stack trace:
#0 {main}
  thrown in /share/CACHEDEV1_DATA/Web/kms-php/public/index.php on line 81
[09-Nov-2025 16:55:22 Europe/Zurich] PHP Fatal error:  Uncaught Error: Call to undefined method App\TaskRepo::listOpenDue() in /share/CACHEDEV1_DATA/Web/kms-php/public/index.php:81
Stack trace:
#0 {main}
  thrown in /share/CACHEDEV1_DATA/Web/kms-php/public/index.php on line 81
[09-Nov-2025 16:55:23 Europe/Zurich] PHP Fatal error:  Uncaught Error: Call to undefined method App\TaskRepo::listOpenDue() in /share/CACHEDEV1_DATA/Web/kms-php/public/index.php:81
Stack trace:
#0 {main}
  thrown in /share/CACHEDEV1_DATA/Web/kms-php/public/index.php on line 81
[09-Nov-2025 16:55:24 Europe/Zurich] PHP Fatal error:  Uncaught Error: Call to undefined method App\TaskRepo::listOpenDue() in /share/CACHEDEV1_DATA/Web/kms-php/public/index.php:81
Stack trace:
#0 {main}
  thrown in /share/CACHEDEV1_DATA/Web/kms-php/public/index.php on line 81
[09-Nov-2025 16:55:25 Europe/Zurich] PHP Fatal error:  Uncaught Error: Call to undefined method App\TaskRepo::listOpenDue() in /share/CACHEDEV1_DATA/Web/kms-php/public/index.php:81
Stack trace:
#0 {main}
  thrown in /share/CACHEDEV1_DATA/Web/kms-php/public/index.php on line 81
[09-Nov-2025 16:55:35 Europe/Zurich] PHP Fatal error:  Uncaught Error: Call to undefined method App\TaskRepo::listOpenDue() in /share/CACHEDEV1_DATA/Web/kms-php/public/index.php:81
Stack trace:
#0 {main}
  thrown in /share/CACHEDEV1_DATA/Web/kms-php/public/index.php on line 81
[09-Nov-2025 16:55:35 Europe/Zurich] PHP Fatal error:  Uncaught Error: Call to undefined method App\TaskRepo::listOpenDue() in /share/CACHEDEV1_DATA/Web/kms-php/public/index.php:81
Stack trace:
#0 {main}
  thrown in /share/CACHEDEV1_DATA/Web/kms-php/public/index.php on line 81
[09-Nov-2025 16:55:35 Europe/Zurich] PHP Fatal error:  Uncaught Error: Call to undefined method App\TaskRepo::listOpenDue() in /share/CACHEDEV1_DATA/Web/kms-php/public/index.php:81
Stack trace:
#0 {main}
  thrown in /share/CACHEDEV1_DATA/Web/kms-php/public/index.php on line 81
[09-Nov-2025 16:55:35 Europe/Zurich] PHP Fatal error:  Uncaught Error: Call to undefined method App\TaskRepo::listOpenDue() in /share/CACHEDEV1_DATA/Web/kms-php/public/index.php:81
Stack trace:
#0 {main}
  thrown in /share/CACHEDEV1_DATA/Web/kms-php/public/index.php on line 81
[09-Nov-2025 16:55:35 Europe/Zurich] PHP Fatal error:  Uncaught Error: Call to undefined method App\TaskRepo::listOpenDue() in /share/CACHEDEV1_DATA/Web/kms-php/public/index.php:81
Stack trace:
#0 {main}
  thrown in /share/CACHEDEV1_DATA/Web/kms-php/public/index.php on line 81
[10-Nov-2025 00:33:55 Europe/Zurich] PHP Fatal error:  Uncaught Error: Call to undefined method App\Policy::enforce() in /share/CACHEDEV1_DATA/Web/kms-php/public/index.php:437
Stack trace:
#0 {main}
  thrown in /share/CACHEDEV1_DATA/Web/kms-php/public/index.php on line 437
[10-Nov-2025 00:46:06 Europe/Zurich] PHP Warning:  Undefined array key "id" in /share/CACHEDEV1_DATA/Web/kms-php/views/task_edit.php on line 56
[10-Nov-2025 00:46:06 Europe/Zurich] PHP Warning:  Undefined array key "title" in /share/CACHEDEV1_DATA/Web/kms-php/views/task_edit.php on line 58
[10-Nov-2025 00:46:06 Europe/Zurich] PHP Deprecated:  htmlspecialchars(): Passing null to parameter #1 ($string) of type string is deprecated in /share/CACHEDEV1_DATA/Web/kms-php/views/task_edit.php on line 58
[10-Nov-2025 00:46:06 Europe/Zurich] PHP Warning:  Undefined array key "status" in /share/CACHEDEV1_DATA/Web/kms-php/views/task_edit.php on line 74
[10-Nov-2025 00:46:06 Europe/Zurich] PHP Warning:  Undefined array key "id" in /share/CACHEDEV1_DATA/Web/kms-php/views/task_edit.php on line 115
[10-Nov-2025 00:46:06 Europe/Zurich] PHP Warning:  Undefined array key "id" in /share/CACHEDEV1_DATA/Web/kms-php/views/task_edit.php on line 163
[10-Nov-2025 00:46:06 Europe/Zurich] PHP Warning:  Undefined array key "id" in /share/CACHEDEV1_DATA/Web/kms-php/views/task_edit.php on line 172
[10-Nov-2025 14:23:38 Asia/Taipei] PHP Warning:  Trying to access array offset on value of type null in /share/CACHEDEV1_DATA/Web/kms-php/views/user_edit.php on line 12
[10-Nov-2025 14:23:38 Asia/Taipei] PHP Warning:  Trying to access array offset on value of type null in /share/CACHEDEV1_DATA/Web/kms-php/views/user_edit.php on line 15
[10-Nov-2025 14:23:38 Asia/Taipei] PHP Deprecated:  htmlspecialchars(): Passing null to parameter #1 ($string) of type string is deprecated in /share/CACHEDEV1_DATA/Web/kms-php/views/user_edit.php on line 15
[10-Nov-2025 14:23:38 Asia/Taipei] PHP Warning:  Trying to access array offset on value of type null in /share/CACHEDEV1_DATA/Web/kms-php/views/user_edit.php on line 24
[10-Nov-2025 14:23:38 Asia/Taipei] PHP Warning:  Trying to access array offset on value of type null in /share/CACHEDEV1_DATA/Web/kms-php/views/user_edit.php on line 24
[10-Nov-2025 14:23:38 Asia/Taipei] PHP Warning:  Trying to access array offset on value of type null in /share/CACHEDEV1_DATA/Web/kms-php/views/user_edit.php on line 24
[10-Nov-2025 14:23:38 Asia/Taipei] PHP Warning:  Trying to access array offset on value of type null in /share/CACHEDEV1_DATA/Web/kms-php/views/user_edit.php on line 24
[10-Nov-2025 14:23:38 Asia/Taipei] PHP Warning:  Trying to access array offset on value of type null in /share/CACHEDEV1_DATA/Web/kms-php/views/user_edit.php on line 24
[10-Nov-2025 14:23:38 Asia/Taipei] PHP Warning:  Trying to access array offset on value of type null in /share/CACHEDEV1_DATA/Web/kms-php/views/user_edit.php on line 24
[15-Jan-2026 00:14:22 Asia/Taipei] PHP Warning:  Undefined array key "id" in /share/CACHEDEV1_DATA/Web/kms-php/views/task_edit.php on line 56
[15-Jan-2026 00:14:22 Asia/Taipei] PHP Warning:  Undefined array key "title" in /share/CACHEDEV1_DATA/Web/kms-php/views/task_edit.php on line 58
[15-Jan-2026 00:14:22 Asia/Taipei] PHP Deprecated:  htmlspecialchars(): Passing null to parameter #1 ($string) of type string is deprecated in /share/CACHEDEV1_DATA/Web/kms-php/views/task_edit.php on line 58
[15-Jan-2026 00:14:22 Asia/Taipei] PHP Warning:  Undefined array key "system_id" in /share/CACHEDEV1_DATA/Web/kms-php/views/task_edit.php on line 65
[15-Jan-2026 00:14:22 Asia/Taipei] PHP Warning:  Undefined array key "system_id" in /share/CACHEDEV1_DATA/Web/kms-php/views/task_edit.php on line 65
[15-Jan-2026 00:14:22 Asia/Taipei] PHP Warning:  Undefined array key "system_id" in /share/CACHEDEV1_DATA/Web/kms-php/views/task_edit.php on line 65
[15-Jan-2026 00:14:22 Asia/Taipei] PHP Warning:  Undefined array key "status" in /share/CACHEDEV1_DATA/Web/kms-php/views/task_edit.php on line 74
[15-Jan-2026 00:14:22 Asia/Taipei] PHP Warning:  Undefined array key "id" in /share/CACHEDEV1_DATA/Web/kms-php/views/task_edit.php on line 115
[15-Jan-2026 00:14:22 Asia/Taipei] PHP Warning:  Undefined array key "id" in /share/CACHEDEV1_DATA/Web/kms-php/views/task_edit.php on line 163
[15-Jan-2026 00:14:22 Asia/Taipei] PHP Warning:  Undefined array key "id" in /share/CACHEDEV1_DATA/Web/kms-php/views/task_edit.php on line 172
